13:15:43 **** Incremental Build of configuration Release for project Main.c ****
make all 
Building file: ../main.c
Invoking: AVR Compiler
avr-gcc -Wall -Os -fpack-struct -fshort-enums -ffunction-sections -fdata-sections -std=gnu99 -funsigned-char -funsigned-bitfields -mmcu=atmega32 -DF_CPU=8000000UL -MMD -MP -MF"main.d" -MT"main.o" -c -o "main.o" "../main.c"
Finished building: ../main.c
 
Building target: Main.c.elf
Invoking: AVR C Linker
avr-gcc -Wl,-Map,Main.c.map -mmcu=atmega32 -o "Main.c.elf"  ./MCAL/DIO/DIO_Program.o  ./HAL/LCD/LCD_Program.o  ./main.o   
Finished building target: Main.c.elf
 
Invoking: AVR Create Extended Listing
avr-objdump -h -S Main.c.elf  >"Main.c.lss"
Finished building: Main.c.lss
 
Create Flash image (ihex format)
avr-objcopy -R .eeprom -R .fuse -R .lock -R .signature -O ihex Main.c.elf  "Main.c.hex"
Finished building: Main.c.hex
 
Create eeprom image (ihex format)
avr-objcopy -j .eeprom --no-change-warnings --change-section-lma .eeprom=0 -O ihex Main.c.elf  "Main.c.eep"
Finished building: Main.c.eep
 
Invoking: Print Size
avr-size --format=avr --mcu=atmega32 Main.c.elf
AVR Memory Usage
----------------
Device: atmega32

Program:    2894 bytes (8.8% Full)
(.text + .data + .bootloader)

Data:         97 bytes (4.7% Full)
(.data + .bss + .noinit)


Finished building: sizedummy
 
